{
  "stats": {
    "suites": 1,
    "tests": 1,
    "passes": 1,
    "pending": 0,
    "failures": 0,
    "start": "2022-07-15T09:58:40.891Z",
    "end": "2022-07-15T09:58:47.952Z",
    "duration": 7061,
    "testsRegistered": 1,
    "passPercent": 100,
    "pendingPercent": 0,
    "other": 0,
    "hasOther": false,
    "skipped": 0,
    "hasSkipped": false
  },
  "results": [
    {
      "uuid": "bc279930-10ea-4349-b3fc-973a3534a773",
      "title": "",
      "fullFile": "cypress\\e2e\\first_test.cy.js",
      "file": "cypress\\e2e\\first_test.cy.js",
      "beforeHooks": [],
      "afterHooks": [],
      "tests": [],
      "suites": [
        {
          "uuid": "e457e1bd-2ff5-4d93-b572-d968950a495f",
          "title": "My basic tests for the bodum website",
          "fullFile": "",
          "file": "",
          "beforeHooks": [],
          "afterHooks": [],
          "tests": [
            {
              "title": "User search specific product",
              "fullTitle": "My basic tests for the bodum website User search specific product",
              "timedOut": null,
              "duration": 6998,
              "state": "passed",
              "speed": "medium",
              "pass": true,
              "fail": false,
              "pending": false,
              "context": null,
              "code": "_MainPage.onMainPage.typeTextIntoSearch(SEARCHPRODUCT);\n_MainPage.onMainPage.verifyFirstSearchResult(SEARCHPRODUCT);",
              "err": {},
              "uuid": "03aa44d6-07af-42c3-a344-412fb423af93",
              "parentUUID": "e457e1bd-2ff5-4d93-b572-d968950a495f",
              "isHook": false,
              "skipped": false
            }
          ],
          "suites": [],
          "passes": [
            "03aa44d6-07af-42c3-a344-412fb423af93"
          ],
          "failures": [],
          "pending": [],
          "skipped": [],
          "duration": 6998,
          "root": false,
          "rootEmpty": false,
          "_timeout": 2000
        }
      ],
      "passes": [],
      "failures": [],
      "pending": [],
      "skipped": [],
      "duration": 0,
      "root": true,
      "rootEmpty": true,
      "_timeout": 2000
    }
  ],
  "meta": {
    "mocha": {
      "version": "7.0.1"
    },
    "mochawesome": {
      "options": {
        "quiet": false,
        "reportFilename": "mochawesome",
        "saveHtml": false,
        "saveJson": true,
        "consoleReporter": "spec",
        "useInlineDiffs": false,
        "code": true
      },
      "version": "7.1.3"
    },
    "marge": {
      "options": {
        "id": "default",
        "reportDir": "cypress/results/mockawesome",
        "overwrite": false,
        "html": false,
        "json": true
      },
      "version": "6.2.0"
    }
  }
}